2013-11-17 17:23:32.680 Na.Num[6007:80b] Multi-tasking -> Device: YES, App: YES
2013-11-17 17:23:32.692 Na.Num[6007:80b] Unlimited access to network resources
2013-11-17 17:23:33.007 Na.Num[6007:80b] Resetting plugins due to page load.
2013-11-17 17:23:33.160 Na.Num[6007:80b] Finished load of: file:///Users/msgundam00/Library/Application%20Support/iPhone%20Simulator/7.0.3/Applications/A79FB449-C5A7-41FF-A9CA-CE9C0319811A/Na.Num.app/www/index.html#/
2013-11-17 17:27:37.818 Na.Num[6555:80b] Multi-tasking -> Device: YES, App: YES
2013-11-17 17:27:37.829 Na.Num[6555:80b] Unlimited access to network resources
2013-11-17 17:27:38.074 Na.Num[6555:80b] Resetting plugins due to page load.
2013-11-17 17:27:38.272 Na.Num[6555:80b] Finished load of: file:///Users/msgundam00/Library/Application%20Support/iPhone%20Simulator/7.0.3/Applications/A79FB449-C5A7-41FF-A9CA-CE9C0319811A/Na.Num.app/www/index.html#/
2013-11-17 19:15:52.539 Na.Num[8211:80b] Multi-tasking -> Device: YES, App: YES
2013-11-17 19:15:52.551 Na.Num[8211:80b] Unlimited access to network resources
2013-11-17 19:15:52.811 Na.Num[8211:80b] Resetting plugins due to page load.
2013-11-17 19:15:53.041 Na.Num[8211:80b] Finished load of: file:///Users/msgundam00/Library/Application%20Support/iPhone%20Simulator/7.0.3/Applications/A79FB449-C5A7-41FF-A9CA-CE9C0319811A/Na.Num.app/www/index.html#/
2013-11-17 19:20:01.763 Na.Num[9223:80b] Multi-tasking -> Device: YES, App: YES
2013-11-17 19:20:01.776 Na.Num[9223:80b] Unlimited access to network resources
2013-11-17 19:20:02.032 Na.Num[9223:80b] Resetting plugins due to page load.
2013-11-17 19:20:02.239 Na.Num[9223:80b] Finished load of: file:///Users/msgundam00/Library/Application%20Support/iPhone%20Simulator/7.0.3/Applications/A79FB449-C5A7-41FF-A9CA-CE9C0319811A/Na.Num.app/www/index.html#/
2013-11-17 19:24:40.431 Na.Num[10283:80b] Multi-tasking -> Device: YES, App: YES
2013-11-17 19:24:40.443 Na.Num[10283:80b] Unlimited access to network resources
2013-11-17 19:24:40.738 Na.Num[10283:80b] Resetting plugins due to page load.
2013-11-17 19:24:40.896 Na.Num[10283:80b] Finished load of: file:///Users/msgundam00/Library/Application%20Support/iPhone%20Simulator/7.0.3/Applications/A79FB449-C5A7-41FF-A9CA-CE9C0319811A/Na.Num.app/www/index.html#/
2013-11-18 21:26:18.929 Na.Num[11198:80b] Multi-tasking -> Device: YES, App: YES
2013-11-18 21:26:18.941 Na.Num[11198:80b] Unlimited access to network resources
2013-11-18 21:26:19.218 Na.Num[11198:80b] Resetting plugins due to page load.
2013-11-18 21:26:19.405 Na.Num[11198:80b] Finished load of: file:///Users/msgundam00/Library/Application%20Support/iPhone%20Simulator/7.0.3/Applications/A79FB449-C5A7-41FF-A9CA-CE9C0319811A/Na.Num.app/www/index.html#/
2013-11-18 21:30:11.387 Na.Num[12294:80b] Multi-tasking -> Device: YES, App: YES
2013-11-18 21:30:11.400 Na.Num[12294:80b] Unlimited access to network resources
2013-11-18 21:30:11.654 Na.Num[12294:80b] Resetting plugins due to page load.
2013-11-18 21:30:11.874 Na.Num[12294:80b] Finished load of: file:///Users/msgundam00/Library/Application%20Support/iPhone%20Simulator/7.0.3/Applications/A79FB449-C5A7-41FF-A9CA-CE9C0319811A/Na.Num.app/www/index.html#/
2013-11-18 23:37:02.437 Na.Num[14592:80b] Multi-tasking -> Device: YES, App: YES
2013-11-18 23:37:02.449 Na.Num[14592:80b] Unlimited access to network resources
2013-11-18 23:37:02.650 Na.Num[14592:80b] Resetting plugins due to page load.
2013-11-18 23:37:02.859 Na.Num[14592:80b] Finished load of: file:///Users/msgundam00/Library/Application%20Support/iPhone%20Simulator/7.0.3/Applications/A79FB449-C5A7-41FF-A9CA-CE9C0319811A/Na.Num.app/www/index.html
2013-11-18 23:38:21.784 Na.Num[15131:80b] Multi-tasking -> Device: YES, App: YES
2013-11-18 23:38:21.797 Na.Num[15131:80b] Unlimited access to network resources
2013-11-18 23:38:22.054 Na.Num[15131:80b] Resetting plugins due to page load.
2013-11-18 23:38:22.215 Na.Num[15131:80b] Finished load of: file:///Users/msgundam00/Library/Application%20Support/iPhone%20Simulator/7.0.3/Applications/A79FB449-C5A7-41FF-A9CA-CE9C0319811A/Na.Num.app/www/index.html
2013-11-18 23:40:59.619 Na.Num[15684:80b] Multi-tasking -> Device: YES, App: YES
2013-11-18 23:40:59.632 Na.Num[15684:80b] Unlimited access to network resources
2013-11-18 23:40:59.911 Na.Num[15684:80b] Resetting plugins due to page load.
2013-11-18 23:41:00.046 Na.Num[15684:80b] Finished load of: file:///Users/msgundam00/Library/Application%20Support/iPhone%20Simulator/7.0.3/Applications/A79FB449-C5A7-41FF-A9CA-CE9C0319811A/Na.Num.app/www/index.html
2013-11-18 23:42:44.405 Na.Num[16235:80b] Multi-tasking -> Device: YES, App: YES
2013-11-18 23:42:44.417 Na.Num[16235:80b] Unlimited access to network resources
2013-11-18 23:42:44.703 Na.Num[16235:80b] Resetting plugins due to page load.
2013-11-18 23:42:44.834 Na.Num[16235:80b] Finished load of: file:///Users/msgundam00/Library/Application%20Support/iPhone%20Simulator/7.0.3/Applications/A79FB449-C5A7-41FF-A9CA-CE9C0319811A/Na.Num.app/www/index.html
2013-11-18 23:47:55.341 Na.Num[16792:80b] Multi-tasking -> Device: YES, App: YES
2013-11-18 23:47:55.353 Na.Num[16792:80b] Unlimited access to network resources
2013-11-18 23:47:55.632 Na.Num[16792:80b] Resetting plugins due to page load.
2013-11-18 23:47:55.769 Na.Num[16792:80b] Finished load of: file:///Users/msgundam00/Library/Application%20Support/iPhone%20Simulator/7.0.3/Applications/A79FB449-C5A7-41FF-A9CA-CE9C0319811A/Na.Num.app/www/index.html
2013-11-18 23:48:21.432 Na.Num[17320:80b] Multi-tasking -> Device: YES, App: YES
2013-11-18 23:48:21.444 Na.Num[17320:80b] Unlimited access to network resources
2013-11-18 23:48:21.719 Na.Num[17320:80b] Resetting plugins due to page load.
2013-11-18 23:48:21.831 Na.Num[17320:80b] Finished load of: file:///Users/msgundam00/Library/Application%20Support/iPhone%20Simulator/7.0.3/Applications/A79FB449-C5A7-41FF-A9CA-CE9C0319811A/Na.Num.app/www/index.html
2013-11-18 23:53:09.169 Na.Num[18408:80b] Multi-tasking -> Device: YES, App: YES
2013-11-18 23:53:09.180 Na.Num[18408:80b] Unlimited access to network resources
2013-11-18 23:53:09.470 Na.Num[18408:80b] Resetting plugins due to page load.
2013-11-18 23:53:09.607 Na.Num[18408:80b] Finished load of: file:///Users/msgundam00/Library/Application%20Support/iPhone%20Simulator/7.0.3/Applications/A79FB449-C5A7-41FF-A9CA-CE9C0319811A/Na.Num.app/www/index.html
